>>>>>>>>>>>>>>>> [['void', 'ns3::Ptr<ns3::NetDevice>', 'ns3::Ptr<ns3::Packet const>', 'unsigned short', 'ns3::Address const&', 'ns3::Address const&', 'ns3::NetDevice::PacketType', 'ns3::empty', 'ns3::empty', 'ns3::empty']]
/home/pradeepkumar/ns-allinone-3.15/ns-3.15/bindings/python/ns3modulegen_core_customizations.py:225: Warning: ***** Unable to register callback; parameter 'ns3::Ptr<ns3::Packet const> arg2' error (used in ns3::Callback< void, ns3::Ptr<ns3::NetDevice>, ns3::Ptr<ns3::Packet const>, unsigned short, ns3::Address const&, ns3::Address const&, ns3::NetDevice::PacketType, ns3::empty, ns3::empty, ns3::empty >): TypeLookupError(['ns3::Ptr< ns3::Packet const >', 'ns3::Packet *'],)
  Warning)
/home/pradeepkumar/ns-allinone-3.15/ns-3.15/src/buildings/bindings/modulegen__gcc_LP64.py:413: Warning: exception TypeConfigurationError('direction not given',) in wrapper <pybindgen.cppmethod.CppConstructor object at 0x7f9f434d6190>
  cls.add_constructor([param('uint8_t', 'type'), param('uint8_t const *', 'buffer'), param('uint8_t', 'len')])
/home/pradeepkumar/ns-allinone-3.15/ns-3.15/src/buildings/bindings/modulegen__gcc_LP64.py:424: Warning: exception TypeConfigurationError('direction not given',) in wrapper public: retval? ???::CopyAllFrom (params?);
  [param('uint8_t const *', 'buffer'), param('uint8_t', 'len')])
/home/pradeepkumar/ns-allinone-3.15/ns-3.15/src/buildings/bindings/modulegen__gcc_LP64.py:429: Warning: exception TypeConfigurationError('direction not given',) in wrapper public: retval? ???::CopyAllTo (params?) const;
  is_const=True)
/home/pradeepkumar/ns-allinone-3.15/ns-3.15/src/buildings/bindings/modulegen__gcc_LP64.py:433: Warning: exception TypeConfigurationError('direction not given',) in wrapper public: retval? ???::CopyFrom (params?);
  [param('uint8_t const *', 'buffer'), param('uint8_t', 'len')])
/home/pradeepkumar/ns-allinone-3.15/ns-3.15/src/buildings/bindings/modulegen__gcc_LP64.py:438: Warning: exception TypeConfigurationError('direction not given',) in wrapper public: retval? ???::CopyTo (params?) const;
  is_const=True)
/home/pradeepkumar/ns-allinone-3.15/ns-3.15/src/buildings/bindings/modulegen__gcc_LP64.py:488: Warning: exception TypeLookupError(['std::_List_const_iterator< ns3::AttributeConstructionList::Item >'],) in wrapper public: retval? ???::Begin (params?) const;
  is_const=True)
/home/pradeepkumar/ns-allinone-3.15/ns-3.15/src/buildings/bindings/modulegen__gcc_LP64.py:493: Warning: exception TypeLookupError(['std::_List_const_iterator< ns3::AttributeConstructionList::Item >'],) in wrapper public: retval? ???::End (params?) const;
  is_const=True)
/home/pradeepkumar/ns-allinone-3.15/ns-3.15/src/buildings/bindings/modulegen__gcc_LP64.py:576: Warning: exception TypeLookupError(['__gnu_cxx::__normal_iterator< ns3::Ptr< ns3::Building > const, std::vector< ns3::Ptr< ns3::Building > > >'],) in wrapper public: retval? ???::Begin (params?) const;
  is_const=True)
/home/pradeepkumar/ns-allinone-3.15/ns-3.15/src/buildings/bindings/modulegen__gcc_LP64.py:585: Warning: exception TypeLookupError(['__gnu_cxx::__normal_iterator< ns3::Ptr< ns3::Building > const, std::vector< ns3::Ptr< ns3::Building > > >'],) in wrapper public: retval? ???::End (params?) const;
  is_const=True)
/home/pradeepkumar/ns-allinone-3.15/ns-3.15/src/buildings/bindings/modulegen__gcc_LP64.py:617: Warning: exception TypeLookupError(['__gnu_cxx::__normal_iterator< ns3::Ptr< ns3::Building > const, std::vector< ns3::Ptr< ns3::Building > > >'],) in wrapper public: retval? ???::Begin (params?);
  is_static=True)
/home/pradeepkumar/ns-allinone-3.15/ns-3.15/src/buildings/bindings/modulegen__gcc_LP64.py:622: Warning: exception TypeLookupError(['__gnu_cxx::__normal_iterator< ns3::Ptr< ns3::Building > const, std::vector< ns3::Ptr< ns3::Building > > >'],) in wrapper public: retval? ???::End (params?);
  is_static=True)
/home/pradeepkumar/ns-allinone-3.15/ns-3.15/src/buildings/bindings/modulegen__gcc_LP64.py:716: Warning: exception TypeLookupError(['ns3::Rectangle &'],) in wrapper public: retval? ???::UpdateWithBounds (params?) const;
  is_const=True)
/home/pradeepkumar/ns-allinone-3.15/ns-3.15/src/buildings/bindings/modulegen__gcc_LP64.py:751: Warning: exception TypeConfigurationError('direction not given',) in wrapper public: retval? ???::Deserialize (params?);
  is_static=True)
/home/pradeepkumar/ns-allinone-3.15/ns-3.15/src/buildings/bindings/modulegen__gcc_LP64.py:816: Warning: exception TypeLookupError(['std::ostream &'],) in wrapper public: retval? ???::Print (params?) const;
  is_const=True)
/home/pradeepkumar/ns-allinone-3.15/ns-3.15/src/buildings/bindings/modulegen__gcc_LP64.py:821: Warning: exception TypeConfigurationError('direction not given',) in wrapper public: retval? ???::Serialize (params?) const;
  is_const=True)
/home/pradeepkumar/ns-allinone-3.15/ns-3.15/src/buildings/bindings/modulegen__gcc_LP64.py:888: Warning: exception TypeLookupError(['std::ostream &'],) in wrapper public: retval? ???::Print (params?) const;
  is_const=True)
/home/pradeepkumar/ns-allinone-3.15/ns-3.15/src/buildings/bindings/modulegen__gcc_LP64.py:905: Warning: exception TypeConfigurationError('direction not given',) in wrapper <pybindgen.cppmethod.CppConstructor object at 0x7f9f433e8550>
  cls.add_constructor([param('uint8_t *', 'address')])
/home/pradeepkumar/ns-allinone-3.15/ns-3.15/src/buildings/bindings/modulegen__gcc_LP64.py:923: Warning: exception TypeConfigurationError('direction not given',) in wrapper public: retval? ???::Deserialize (params?);
  is_static=True)
/home/pradeepkumar/ns-allinone-3.15/ns-3.15/src/buildings/bindings/modulegen__gcc_LP64.py:948: Warning: exception TypeConfigurationError('direction not given',) in wrapper public: retval? ???::GetBytes (params?) const;
  is_const=True)
/home/pradeepkumar/ns-allinone-3.15/ns-3.15/src/buildings/bindings/modulegen__gcc_LP64.py:1032: Warning: exception TypeLookupError(['ns3::Mac48Address'],) in wrapper public: retval? ???::MakeAutoconfiguredAddress (params?);
  is_static=True)
/home/pradeepkumar/ns-allinone-3.15/ns-3.15/src/buildings/bindings/modulegen__gcc_LP64.py:1037: Warning: exception TypeLookupError(['ns3::Mac48Address'],) in wrapper public: retval? ???::MakeAutoconfiguredLinkLocalAddress (params?);
  is_static=True)
/home/pradeepkumar/ns-allinone-3.15/ns-3.15/src/buildings/bindings/modulegen__gcc_LP64.py:1052: Warning: exception TypeLookupError(['std::ostream &'],) in wrapper public: retval? ???::Print (params?) const;
  is_const=True)
/home/pradeepkumar/ns-allinone-3.15/ns-3.15/src/buildings/bindings/modulegen__gcc_LP64.py:1057: Warning: exception TypeConfigurationError('direction not given',) in wrapper public: retval? ???::Serialize (params?) const;
  is_const=True)
/home/pradeepkumar/ns-allinone-3.15/ns-3.15/src/buildings/bindings/modulegen__gcc_LP64.py:1065: Warning: exception TypeConfigurationError('direction not given',) in wrapper public: retval? ???::Set (params?);
  [param('uint8_t *', 'address')])
/home/pradeepkumar/ns-allinone-3.15/ns-3.15/src/buildings/bindings/modulegen__gcc_LP64.py:1075: Warning: exception TypeConfigurationError('direction not given',) in wrapper <pybindgen.cppmethod.CppConstructor object at 0x7f9f43333a90>
  cls.add_constructor([param('uint8_t *', 'prefix')])
/home/pradeepkumar/ns-allinone-3.15/ns-3.15/src/buildings/bindings/modulegen__gcc_LP64.py:1088: Warning: exception TypeConfigurationError('direction not given',) in wrapper public: retval? ???::GetBytes (params?) const;
  is_const=True)
/home/pradeepkumar/ns-allinone-3.15/ns-3.15/src/buildings/bindings/modulegen__gcc_LP64.py:1123: Warning: exception TypeLookupError(['std::ostream &'],) in wrapper public: retval? ???::Print (params?) const;
  is_const=True)
/home/pradeepkumar/ns-allinone-3.15/ns-3.15/src/buildings/bindings/modulegen__gcc_LP64.py:1159: Warning: exception TypeLookupError(['__gnu_cxx::__normal_iterator< ns3::Ptr< ns3::Node >, std::vector< ns3::Ptr< ns3::Node > > >'],) in wrapper public: retval? ???::Begin (params?) const;
  is_const=True)
/home/pradeepkumar/ns-allinone-3.15/ns-3.15/src/buildings/bindings/modulegen__gcc_LP64.py:1172: Warning: exception TypeLookupError(['__gnu_cxx::__normal_iterator< ns3::Ptr< ns3::Node >, std::vector< ns3::Ptr< ns3::Node > > >'],) in wrapper public: retval? ???::End (params?) const;
  is_const=True)
/home/pradeepkumar/ns-allinone-3.15/ns-3.15/src/buildings/bindings/modulegen__gcc_LP64.py:1260: Warning: exception TypeConfigurationError('Missing transfer_ownership option',) in wrapper public: retval? ???::Delete (params?);
  is_static=True)
/home/pradeepkumar/ns-allinone-3.15/ns-3.15/src/buildings/bindings/modulegen__gcc_LP64.py:1315: Warning: exception TypeConfigurationError('direction not given',) in wrapper <pybindgen.cppmethod.CppConstructor object at 0x7f9f432cdbd0>
  cls.add_constructor([param('uint8_t *', 'start'), param('uint8_t *', 'end')])
/home/pradeepkumar/ns-allinone-3.15/ns-3.15/src/buildings/bindings/modulegen__gcc_LP64.py:1323: Warning: exception TypeConfigurationError('direction not given',) in wrapper public: retval? ???::Read (params?);
  [param('uint8_t *', 'buffer'), param('uint32_t', 'size')])
/home/pradeepkumar/ns-allinone-3.15/ns-3.15/src/buildings/bindings/modulegen__gcc_LP64.py:1351: Warning: exception TypeConfigurationError('direction not given',) in wrapper public: retval? ???::Write (params?);
  [param('uint8_t const *', 'buffer'), param('uint32_t', 'size')])
/home/pradeepkumar/ns-allinone-3.15/ns-3.15/src/buildings/bindings/modulegen__gcc_LP64.py:1416: Warning: exception TypeLookupError(['ns3::Callback< ns3::ObjectBase *, ns3::empty, ns3::empty, ns3::empty, ns3::empty, ns3::empty, ns3::empty, ns3::empty, ns3::empty, ns3::empty >'],) in wrapper public: retval? ???::GetConstructor (params?) const;
  is_const=True)
bindings/python/ns3modulegen-modular.py:27: UserWarning: exception TypeLookupError(['short unsigned int'],) in wrapper None
  warnings.warn("exception %r in wrapper %s" % (exception, wrapper))
/home/pradeepkumar/ns-allinone-3.15/ns-3.15/src/buildings/bindings/modulegen__gcc_LP64.py:2023: Warning: exception TypeLookupError(['ns3::RngStream *'],) in wrapper protected: retval? ???::Peek (params?) const;
  is_const=True, visibility='protected')
/home/pradeepkumar/ns-allinone-3.15/ns-3.15/src/buildings/bindings/modulegen__gcc_LP64.py:3817: Warning: exception TypeLookupError(['ns3::Callback< void, ns3::empty, ns3::empty, ns3::empty, ns3::empty, ns3::empty, ns3::empty, ns3::empty, ns3::empty, ns3::empty >'],) in wrapper public: virtual retval? ???::AddLinkChangeCallback (params?) = 0;
  is_pure_virtual=True, is_virtual=True)
/home/pradeepkumar/ns-allinone-3.15/ns-3.15/src/buildings/bindings/modulegen__gcc_LP64.py:3832: Warning: exception TypeLookupError(['ns3::Ptr< ns3::Channel >', 'ns3::Channel *'],) in wrapper public: virtual retval? ???::GetChannel (params?) const = 0;
  is_pure_virtual=True, is_const=True, is_virtual=True)
/home/pradeepkumar/ns-allinone-3.15/ns-3.15/src/buildings/bindings/modulegen__gcc_LP64.py:3897: Warning: exception TypeLookupError(['ns3::Ptr< ns3::Packet >', 'ns3::Packet *'],) in wrapper public: virtual retval? ???::Send (params?) = 0;
  is_pure_virtual=True, is_virtual=True)
/home/pradeepkumar/ns-allinone-3.15/ns-3.15/src/buildings/bindings/modulegen__gcc_LP64.py:3902: Warning: exception TypeLookupError(['ns3::Ptr< ns3::Packet >', 'ns3::Packet *'],) in wrapper public: virtual retval? ???::SendFrom (params?) = 0;
  is_pure_virtual=True, is_virtual=True)
/home/pradeepkumar/ns-allinone-3.15/ns-3.15/src/buildings/bindings/modulegen__gcc_LP64.py:3927: Warning: exception TypeLookupError(['ns3::Callback< bool, ns3::Ptr< ns3::NetDevice >, ns3::Ptr< ns3::Packet const >, short unsigned int, ns3::Address const &, ns3::Address const &, ns3::NetDevice::PacketType, ns3::empty, ns3::empty, ns3::empty >'],) in wrapper public: virtual retval? ???::SetPromiscReceiveCallback (params?) = 0;
  is_pure_virtual=True, is_virtual=True)
/home/pradeepkumar/ns-allinone-3.15/ns-3.15/src/buildings/bindings/modulegen__gcc_LP64.py:3932: Warning: exception TypeLookupError(['ns3::Callback< bool, ns3::Ptr< ns3::NetDevice >, ns3::Ptr< ns3::Packet const >, short unsigned int, ns3::Address const &, ns3::empty, ns3::empty, ns3::empty, ns3::empty, ns3::empty >'],) in wrapper public: virtual retval? ???::SetReceiveCallback (params?) = 0;
  is_pure_virtual=True, is_virtual=True)
/home/pradeepkumar/ns-allinone-3.15/ns-3.15/src/buildings/bindings/modulegen__gcc_LP64.py:3950: Warning: exception TypeLookupError(['ns3::Ptr< ns3::Application >', 'ns3::Application *'],) in wrapper public: retval? ???::AddApplication (params?);
  [param('ns3::Ptr< ns3::Application >', 'application')])
/home/pradeepkumar/ns-allinone-3.15/ns-3.15/src/buildings/bindings/modulegen__gcc_LP64.py:3964: Warning: exception TypeLookupError(['ns3::Ptr< ns3::Application >', 'ns3::Application *'],) in wrapper public: retval? ???::GetApplication (params?) const;
  is_const=True)
/home/pradeepkumar/ns-allinone-3.15/ns-3.15/src/buildings/bindings/modulegen__gcc_LP64.py:3998: Warning: exception TypeLookupError(['ns3::Callback< void, ns3::Ptr< ns3::NetDevice >, ns3::empty, ns3::empty, ns3::empty, ns3::empty, ns3::empty, ns3::empty, ns3::empty, ns3::empty >'],) in wrapper public: retval? ???::RegisterDeviceAdditionListener (params?);
  [param('ns3::Callback< void, ns3::Ptr< ns3::NetDevice >, ns3::empty, ns3::empty, ns3::empty, ns3::empty, ns3::empty, ns3::empty, ns3::empty, ns3::empty >', 'listener')])
/home/pradeepkumar/ns-allinone-3.15/ns-3.15/src/buildings/bindings/modulegen__gcc_LP64.py:4002: Warning: exception TypeLookupError(['ns3::Callback< void, ns3::Ptr< ns3::NetDevice >, ns3::Ptr< ns3::Packet const >, unsigned short, ns3::Address const &, ns3::Address const &, ns3::NetDevice::PacketType, ns3::empty, ns3::empty, ns3::empty >'],) in wrapper public: retval? ???::RegisterProtocolHandler (params?);
  [param('ns3::Callback< void, ns3::Ptr< ns3::NetDevice >, ns3::Ptr< ns3::Packet const >, unsigned short, ns3::Address const &, ns3::Address const &, ns3::NetDevice::PacketType, ns3::empty, ns3::empty, ns3::empty >', 'handler'), param('uint16_t', 'protocolType'), param('ns3::Ptr< ns3::NetDevice >', 'device'), param('bool', 'promiscuous', default_value='false')])
/home/pradeepkumar/ns-allinone-3.15/ns-3.15/src/buildings/bindings/modulegen__gcc_LP64.py:4006: Warning: exception TypeLookupError(['ns3::Callback< void, ns3::Ptr< ns3::NetDevice >, ns3::empty, ns3::empty, ns3::empty, ns3::empty, ns3::empty, ns3::empty, ns3::empty, ns3::empty >'],) in wrapper public: retval? ???::UnregisterDeviceAdditionListener (params?);
  [param('ns3::Callback< void, ns3::Ptr< ns3::NetDevice >, ns3::empty, ns3::empty, ns3::empty, ns3::empty, ns3::empty, ns3::empty, ns3::empty, ns3::empty >', 'listener')])
/home/pradeepkumar/ns-allinone-3.15/ns-3.15/src/buildings/bindings/modulegen__gcc_LP64.py:4010: Warning: exception TypeLookupError(['ns3::Callback< void, ns3::Ptr< ns3::NetDevice >, ns3::Ptr< ns3::Packet const >, unsigned short, ns3::Address const &, ns3::Address const &, ns3::NetDevice::PacketType, ns3::empty, ns3::empty, ns3::empty >'],) in wrapper public: retval? ???::UnregisterProtocolHandler (params?);
  [param('ns3::Callback< void, ns3::Ptr< ns3::NetDevice >, ns3::Ptr< ns3::Packet const >, unsigned short, ns3::Address const &, ns3::Address const &, ns3::NetDevice::PacketType, ns3::empty, ns3::empty, ns3::empty >', 'handler')])
