>>>>>>>>>>>>>>>> [['bool', 'ns3::Ptr<ns3::NetDevice>', 'ns3::Ptr<ns3::Packet const>', 'unsigned short', 'ns3::Address const&', 'ns3::Address const&', 'ns3::NetDevice::PacketType', 'ns3::empty', 'ns3::empty', 'ns3::empty'], ['bool', 'ns3::Ptr<ns3::NetDevice>', 'ns3::Ptr<ns3::Packet const>', 'unsigned short', 'ns3::Address const&', 'ns3::empty', 'ns3::empty', 'ns3::empty', 'ns3::empty', 'ns3::empty'], ['void', 'ns3::empty', 'ns3::empty', 'ns3::empty', 'ns3::empty', 'ns3::empty', 'ns3::empty', 'ns3::empty', 'ns3::empty', 'ns3::empty'], ['void', 'unsigned char*', 'long', 'ns3::empty', 'ns3::empty', 'ns3::empty', 'ns3::empty', 'ns3::empty', 'ns3::empty', 'ns3::empty'], ['void', 'ns3::Ptr<ns3::NetDevice>', 'ns3::Ptr<ns3::Packet const>', 'unsigned short', 'ns3::Address const&', 'ns3::Address const&', 'ns3::NetDevice::PacketType', 'ns3::empty', 'ns3::empty', 'ns3::empty']]
***** registering callback handler: 'ns3::Callback< bool, ns3::Ptr< ns3::NetDevice >, ns3::Ptr< ns3::Packet const >, unsigned short, ns3::Address const &, ns3::Address const &, ns3::NetDevice::PacketType, ns3::empty, ns3::empty, ns3::empty >'
***** registering callback handler: 'ns3::Callback< bool, ns3::Ptr< ns3::NetDevice >, ns3::Ptr< ns3::Packet const >, unsigned short, ns3::Address const &, ns3::empty, ns3::empty, ns3::empty, ns3::empty, ns3::empty >'
***** registering callback handler: 'ns3::Callback< void, ns3::empty, ns3::empty, ns3::empty, ns3::empty, ns3::empty, ns3::empty, ns3::empty, ns3::empty, ns3::empty >'
/home/pradeepkumar/ns-allinone-3.15/ns-3.15/bindings/python/ns3modulegen_core_customizations.py:225: Warning: ***** Unable to register callback; parameter 'unsigned char* arg1' error (used in ns3::Callback< void, unsigned char*, long, ns3::empty, ns3::empty, ns3::empty, ns3::empty, ns3::empty, ns3::empty, ns3::empty >): TypeLookupError(['unsigned char *'],)
  Warning)
***** registering callback handler: 'ns3::Callback< void, ns3::Ptr< ns3::NetDevice >, ns3::Ptr< ns3::Packet const >, unsigned short, ns3::Address const &, ns3::Address const &, ns3::NetDevice::PacketType, ns3::empty, ns3::empty, ns3::empty >'
/home/pradeepkumar/ns-allinone-3.15/ns-3.15/src/tap-bridge/bindings/modulegen__gcc_LP64.py:338: Warning: exception TypeConfigurationError('direction not given',) in wrapper <pybindgen.cppmethod.CppConstructor object at 0x7f3fd1981a10>
  cls.add_constructor([param('uint8_t', 'type'), param('uint8_t const *', 'buffer'), param('uint8_t', 'len')])
/home/pradeepkumar/ns-allinone-3.15/ns-3.15/src/tap-bridge/bindings/modulegen__gcc_LP64.py:349: Warning: exception TypeConfigurationError('direction not given',) in wrapper public: retval? ???::CopyAllFrom (params?);
  [param('uint8_t const *', 'buffer'), param('uint8_t', 'len')])
/home/pradeepkumar/ns-allinone-3.15/ns-3.15/src/tap-bridge/bindings/modulegen__gcc_LP64.py:354: Warning: exception TypeConfigurationError('direction not given',) in wrapper public: retval? ???::CopyAllTo (params?) const;
  is_const=True)
/home/pradeepkumar/ns-allinone-3.15/ns-3.15/src/tap-bridge/bindings/modulegen__gcc_LP64.py:358: Warning: exception TypeConfigurationError('direction not given',) in wrapper public: retval? ???::CopyFrom (params?);
  [param('uint8_t const *', 'buffer'), param('uint8_t', 'len')])
/home/pradeepkumar/ns-allinone-3.15/ns-3.15/src/tap-bridge/bindings/modulegen__gcc_LP64.py:363: Warning: exception TypeConfigurationError('direction not given',) in wrapper public: retval? ???::CopyTo (params?) const;
  is_const=True)
/home/pradeepkumar/ns-allinone-3.15/ns-3.15/src/tap-bridge/bindings/modulegen__gcc_LP64.py:413: Warning: exception TypeLookupError(['std::_List_const_iterator< ns3::AttributeConstructionList::Item >'],) in wrapper public: retval? ???::Begin (params?) const;
  is_const=True)
/home/pradeepkumar/ns-allinone-3.15/ns-3.15/src/tap-bridge/bindings/modulegen__gcc_LP64.py:418: Warning: exception TypeLookupError(['std::_List_const_iterator< ns3::AttributeConstructionList::Item >'],) in wrapper public: retval? ???::End (params?) const;
  is_const=True)
/home/pradeepkumar/ns-allinone-3.15/ns-3.15/src/tap-bridge/bindings/modulegen__gcc_LP64.py:469: Warning: exception TypeLookupError(['std::ostream *'],) in wrapper public: retval? ???::CopyData (params?) const;
  is_const=True)
/home/pradeepkumar/ns-allinone-3.15/ns-3.15/src/tap-bridge/bindings/modulegen__gcc_LP64.py:474: Warning: exception TypeConfigurationError('direction not given',) in wrapper public: retval? ???::CopyData (params?) const;
  is_const=True)
/home/pradeepkumar/ns-allinone-3.15/ns-3.15/src/tap-bridge/bindings/modulegen__gcc_LP64.py:488: Warning: exception TypeConfigurationError('direction not given',) in wrapper public: retval? ???::Deserialize (params?);
  [param('uint8_t const *', 'buffer'), param('uint32_t', 'size')])
/home/pradeepkumar/ns-allinone-3.15/ns-3.15/src/tap-bridge/bindings/modulegen__gcc_LP64.py:518: Warning: exception TypeLookupError(['uint8_t *'],) in wrapper public: retval? ???::PeekData (params?) const;
  is_const=True)
/home/pradeepkumar/ns-allinone-3.15/ns-3.15/src/tap-bridge/bindings/modulegen__gcc_LP64.py:531: Warning: exception TypeConfigurationError('direction not given',) in wrapper public: retval? ???::Serialize (params?) const;
  is_const=True)
/home/pradeepkumar/ns-allinone-3.15/ns-3.15/src/tap-bridge/bindings/modulegen__gcc_LP64.py:586: Warning: exception TypeConfigurationError('direction not given',) in wrapper public: retval? ???::Read (params?);
  [param('uint8_t *', 'buffer'), param('uint32_t', 'size')])
/home/pradeepkumar/ns-allinone-3.15/ns-3.15/src/tap-bridge/bindings/modulegen__gcc_LP64.py:630: Warning: exception TypeConfigurationError('direction not given',) in wrapper public: retval? ???::Write (params?);
  [param('uint8_t const *', 'buffer'), param('uint32_t', 'size')])
/home/pradeepkumar/ns-allinone-3.15/ns-3.15/src/tap-bridge/bindings/modulegen__gcc_LP64.py:844: Warning: exception TypeLookupError(['ns3::Ptr< ns3::EventImpl > &'],) in wrapper <pybindgen.cppmethod.CppConstructor object at 0x7f3fd1821290>
  cls.add_constructor([param('ns3::Ptr< ns3::EventImpl > const &', 'impl'), param('uint64_t', 'ts'), param('uint32_t', 'context'), param('uint32_t', 'uid')])
/home/pradeepkumar/ns-allinone-3.15/ns-3.15/src/tap-bridge/bindings/modulegen__gcc_LP64.py:878: Warning: exception TypeConfigurationError('Either caller_owns_return or self.reference_existing_object must be given',) in wrapper public: retval? ???::PeekEventImpl (params?) const;
  is_const=True)
/home/pradeepkumar/ns-allinone-3.15/ns-3.15/src/tap-bridge/bindings/modulegen__gcc_LP64.py:908: Warning: exception TypeConfigurationError('direction not given',) in wrapper public: retval? ???::Deserialize (params?);
  is_static=True)
/home/pradeepkumar/ns-allinone-3.15/ns-3.15/src/tap-bridge/bindings/modulegen__gcc_LP64.py:973: Warning: exception TypeLookupError(['std::ostream &'],) in wrapper public: retval? ???::Print (params?) const;
  is_const=True)
/home/pradeepkumar/ns-allinone-3.15/ns-3.15/src/tap-bridge/bindings/modulegen__gcc_LP64.py:978: Warning: exception TypeConfigurationError('direction not given',) in wrapper public: retval? ???::Serialize (params?) const;
  is_const=True)
/home/pradeepkumar/ns-allinone-3.15/ns-3.15/src/tap-bridge/bindings/modulegen__gcc_LP64.py:1045: Warning: exception TypeLookupError(['std::ostream &'],) in wrapper public: retval? ???::Print (params?) const;
  is_const=True)
/home/pradeepkumar/ns-allinone-3.15/ns-3.15/src/tap-bridge/bindings/modulegen__gcc_LP64.py:1062: Warning: exception TypeConfigurationError('direction not given',) in wrapper <pybindgen.cppmethod.CppConstructor object at 0x7f3fd1804d10>
  cls.add_constructor([param('uint8_t *', 'address')])
/home/pradeepkumar/ns-allinone-3.15/ns-3.15/src/tap-bridge/bindings/modulegen__gcc_LP64.py:1080: Warning: exception TypeConfigurationError('direction not given',) in wrapper public: retval? ???::Deserialize (params?);
  is_static=True)
/home/pradeepkumar/ns-allinone-3.15/ns-3.15/src/tap-bridge/bindings/modulegen__gcc_LP64.py:1105: Warning: exception TypeConfigurationError('direction not given',) in wrapper public: retval? ???::GetBytes (params?) const;
  is_const=True)
/home/pradeepkumar/ns-allinone-3.15/ns-3.15/src/tap-bridge/bindings/modulegen__gcc_LP64.py:1209: Warning: exception TypeLookupError(['std::ostream &'],) in wrapper public: retval? ???::Print (params?) const;
  is_const=True)
/home/pradeepkumar/ns-allinone-3.15/ns-3.15/src/tap-bridge/bindings/modulegen__gcc_LP64.py:1214: Warning: exception TypeConfigurationError('direction not given',) in wrapper public: retval? ???::Serialize (params?) const;
  is_const=True)
/home/pradeepkumar/ns-allinone-3.15/ns-3.15/src/tap-bridge/bindings/modulegen__gcc_LP64.py:1222: Warning: exception TypeConfigurationError('direction not given',) in wrapper public: retval? ???::Set (params?);
  [param('uint8_t *', 'address')])
/home/pradeepkumar/ns-allinone-3.15/ns-3.15/src/tap-bridge/bindings/modulegen__gcc_LP64.py:1232: Warning: exception TypeConfigurationError('direction not given',) in wrapper <pybindgen.cppmethod.CppConstructor object at 0x7f3fd17d6b90>
  cls.add_constructor([param('uint8_t *', 'prefix')])
/home/pradeepkumar/ns-allinone-3.15/ns-3.15/src/tap-bridge/bindings/modulegen__gcc_LP64.py:1245: Warning: exception TypeConfigurationError('direction not given',) in wrapper public: retval? ???::GetBytes (params?) const;
  is_const=True)
/home/pradeepkumar/ns-allinone-3.15/ns-3.15/src/tap-bridge/bindings/modulegen__gcc_LP64.py:1280: Warning: exception TypeLookupError(['std::ostream &'],) in wrapper public: retval? ???::Print (params?) const;
  is_const=True)
/home/pradeepkumar/ns-allinone-3.15/ns-3.15/src/tap-bridge/bindings/modulegen__gcc_LP64.py:1307: Warning: exception TypeConfigurationError('direction not given',) in wrapper public: retval? ???::CopyFrom (params?);
  [param('uint8_t const *', 'buffer')])
/home/pradeepkumar/ns-allinone-3.15/ns-3.15/src/tap-bridge/bindings/modulegen__gcc_LP64.py:1312: Warning: exception TypeConfigurationError('direction not given',) in wrapper public: retval? ???::CopyTo (params?) const;
  is_const=True)
/home/pradeepkumar/ns-allinone-3.15/ns-3.15/src/tap-bridge/bindings/modulegen__gcc_LP64.py:1382: Warning: exception TypeLookupError(['__gnu_cxx::__normal_iterator< ns3::Ptr< ns3::NetDevice > const, std::vector< ns3::Ptr< ns3::NetDevice > > >'],) in wrapper public: retval? ???::Begin (params?) const;
  is_const=True)
/home/pradeepkumar/ns-allinone-3.15/ns-3.15/src/tap-bridge/bindings/modulegen__gcc_LP64.py:1387: Warning: exception TypeLookupError(['__gnu_cxx::__normal_iterator< ns3::Ptr< ns3::NetDevice > const, std::vector< ns3::Ptr< ns3::NetDevice > > >'],) in wrapper public: retval? ???::End (params?) const;
  is_const=True)
/home/pradeepkumar/ns-allinone-3.15/ns-3.15/src/tap-bridge/bindings/modulegen__gcc_LP64.py:1470: Warning: exception TypeConfigurationError('Missing transfer_ownership option',) in wrapper public: retval? ???::Delete (params?);
  is_static=True)
/home/pradeepkumar/ns-allinone-3.15/ns-3.15/src/tap-bridge/bindings/modulegen__gcc_LP64.py:1543: Warning: exception TypeConfigurationError('direction not given',) in wrapper public: retval? ???::Deserialize (params?);
  [param('uint8_t const *', 'buffer'), param('uint32_t', 'size')])
/home/pradeepkumar/ns-allinone-3.15/ns-3.15/src/tap-bridge/bindings/modulegen__gcc_LP64.py:1584: Warning: exception TypeConfigurationError('direction not given',) in wrapper public: retval? ???::Serialize (params?) const;
  is_const=True)
bindings/python/ns3modulegen-modular.py:27: UserWarning: exception TypeLookupError(['uint8_t [ 20 ]'],) in wrapper None
  warnings.warn("exception %r in wrapper %s" % (exception, wrapper))
bindings/python/ns3modulegen-modular.py:27: UserWarning: exception TypeConfigurationError('Either caller_owns_return or self.reference_existing_object must be given',) in wrapper None
  warnings.warn("exception %r in wrapper %s" % (exception, wrapper))
/home/pradeepkumar/ns-allinone-3.15/ns-3.15/src/tap-bridge/bindings/modulegen__gcc_LP64.py:1732: Warning: exception TypeLookupError(['std::ostream &'],) in wrapper public: virtual retval? ???::Print (params?) const = 0;
  is_pure_virtual=True, is_const=True, is_virtual=True)
/home/pradeepkumar/ns-allinone-3.15/ns-3.15/src/tap-bridge/bindings/modulegen__gcc_LP64.py:1744: Warning: exception TypeConfigurationError('direction not given',) in wrapper <pybindgen.cppmethod.CppConstructor object at 0x7f3fd1697b90>
  cls.add_constructor([param('uint8_t *', 'start'), param('uint8_t *', 'end')])
/home/pradeepkumar/ns-allinone-3.15/ns-3.15/src/tap-bridge/bindings/modulegen__gcc_LP64.py:1752: Warning: exception TypeConfigurationError('direction not given',) in wrapper public: retval? ???::Read (params?);
  [param('uint8_t *', 'buffer'), param('uint32_t', 'size')])
/home/pradeepkumar/ns-allinone-3.15/ns-3.15/src/tap-bridge/bindings/modulegen__gcc_LP64.py:1780: Warning: exception TypeConfigurationError('direction not given',) in wrapper public: retval? ???::Write (params?);
  [param('uint8_t const *', 'buffer'), param('uint32_t', 'size')])
/home/pradeepkumar/ns-allinone-3.15/ns-3.15/src/tap-bridge/bindings/modulegen__gcc_LP64.py:1878: Warning: exception TypeLookupError(['ns3::Callback< ns3::ObjectBase *, ns3::empty, ns3::empty, ns3::empty, ns3::empty, ns3::empty, ns3::empty, ns3::empty, ns3::empty, ns3::empty >'],) in wrapper public: retval? ???::GetConstructor (params?) const;
  is_const=True)
bindings/python/ns3modulegen-modular.py:27: UserWarning: exception TypeLookupError(['short unsigned int'],) in wrapper None
  warnings.warn("exception %r in wrapper %s" % (exception, wrapper))
/home/pradeepkumar/ns-allinone-3.15/ns-3.15/src/tap-bridge/bindings/modulegen__gcc_LP64.py:2143: Warning: exception TypeLookupError(['std::ostream &'],) in wrapper public: virtual retval? ???::Print (params?) const = 0;
  is_pure_virtual=True, is_const=True, is_virtual=True)
/home/pradeepkumar/ns-allinone-3.15/ns-3.15/src/tap-bridge/bindings/modulegen__gcc_LP64.py:2171: Warning: exception TypeLookupError(['std::ostream &'],) in wrapper public: virtual retval? ???::Print (params?) const = 0;
  is_pure_virtual=True, is_const=True, is_virtual=True)
/home/pradeepkumar/ns-allinone-3.15/ns-3.15/src/tap-bridge/bindings/modulegen__gcc_LP64.py:2374: Warning: exception TypeLookupError(['pthread_t'],) in wrapper public: retval? ???::Equals (params?);
  is_static=True)
/home/pradeepkumar/ns-allinone-3.15/ns-3.15/src/tap-bridge/bindings/modulegen__gcc_LP64.py:2383: Warning: exception TypeLookupError(['pthread_t'],) in wrapper public: retval? ???::Self (params?);
  is_static=True)
/home/pradeepkumar/ns-allinone-3.15/ns-3.15/src/tap-bridge/bindings/modulegen__gcc_LP64.py:2598: Warning: exception TypeLookupError(['std::ostream &'],) in wrapper public: virtual retval? ???::Print (params?) const = 0;
  is_pure_virtual=True, is_const=True, is_virtual=True)
/home/pradeepkumar/ns-allinone-3.15/ns-3.15/src/tap-bridge/bindings/modulegen__gcc_LP64.py:2838: Warning: exception TypeLookupError(['ns3::Callback< void, unsigned char *, long, ns3::empty, ns3::empty, ns3::empty, ns3::empty, ns3::empty, ns3::empty, ns3::empty >'],) in wrapper public: retval? ???::Start (params?);
  [param('int', 'fd'), param('ns3::Callback< void, unsigned char *, long, ns3::empty, ns3::empty, ns3::empty, ns3::empty, ns3::empty, ns3::empty, ns3::empty >', 'readCallback')])
/home/pradeepkumar/ns-allinone-3.15/ns-3.15/src/tap-bridge/bindings/modulegen__gcc_LP64.py:2847: Warning: exception TypeLookupError(['ns3::FdReader::Data'],) in wrapper protected: virtual retval? ???::DoRead (params?) = 0;
  is_pure_virtual=True, visibility='protected', is_virtual=True)
/home/pradeepkumar/ns-allinone-3.15/ns-3.15/src/tap-bridge/bindings/modulegen__gcc_LP64.py:3074: Warning: exception TypeLookupError(['ns3::Ptr< ns3::Channel >', 'ns3::Channel *'],) in wrapper public: virtual retval? ???::GetChannel (params?) const = 0;
  is_pure_virtual=True, is_const=True, is_virtual=True)
/home/pradeepkumar/ns-allinone-3.15/ns-3.15/src/tap-bridge/bindings/modulegen__gcc_LP64.py:3236: Warning: exception TypeLookupError(['ns3::Ptr< ns3::Application >', 'ns3::Application *'],) in wrapper public: retval? ???::AddApplication (params?);
  [param('ns3::Ptr< ns3::Application >', 'application')])
/home/pradeepkumar/ns-allinone-3.15/ns-3.15/src/tap-bridge/bindings/modulegen__gcc_LP64.py:3250: Warning: exception TypeLookupError(['ns3::Ptr< ns3::Application >', 'ns3::Application *'],) in wrapper public: retval? ???::GetApplication (params?) const;
  is_const=True)
/home/pradeepkumar/ns-allinone-3.15/ns-3.15/src/tap-bridge/bindings/modulegen__gcc_LP64.py:3284: Warning: exception TypeLookupError(['ns3::Callback< void, ns3::Ptr< ns3::NetDevice >, ns3::empty, ns3::empty, ns3::empty, ns3::empty, ns3::empty, ns3::empty, ns3::empty, ns3::empty >'],) in wrapper public: retval? ???::RegisterDeviceAdditionListener (params?);
  [param('ns3::Callback< void, ns3::Ptr< ns3::NetDevice >, ns3::empty, ns3::empty, ns3::empty, ns3::empty, ns3::empty, ns3::empty, ns3::empty, ns3::empty >', 'listener')])
/home/pradeepkumar/ns-allinone-3.15/ns-3.15/src/tap-bridge/bindings/modulegen__gcc_LP64.py:3292: Warning: exception TypeLookupError(['ns3::Callback< void, ns3::Ptr< ns3::NetDevice >, ns3::empty, ns3::empty, ns3::empty, ns3::empty, ns3::empty, ns3::empty, ns3::empty, ns3::empty >'],) in wrapper public: retval? ???::UnregisterDeviceAdditionListener (params?);
  [param('ns3::Callback< void, ns3::Ptr< ns3::NetDevice >, ns3::empty, ns3::empty, ns3::empty, ns3::empty, ns3::empty, ns3::empty, ns3::empty, ns3::empty >', 'listener')])
/home/pradeepkumar/ns-allinone-3.15/ns-3.15/src/tap-bridge/bindings/modulegen__gcc_LP64.py:3358: Warning: exception TypeConfigurationError('direction not given',) in wrapper <pybindgen.cppmethod.CppConstructor object at 0x7f3fd1226890>
  cls.add_constructor([param('uint8_t const *', 'buffer'), param('uint32_t', 'size'), param('bool', 'magic')])
/home/pradeepkumar/ns-allinone-3.15/ns-3.15/src/tap-bridge/bindings/modulegen__gcc_LP64.py:3360: Warning: exception TypeConfigurationError('direction not given',) in wrapper <pybindgen.cppmethod.CppConstructor object at 0x7f3fd1226b90>
  cls.add_constructor([param('uint8_t const *', 'buffer'), param('uint32_t', 'size')])
/home/pradeepkumar/ns-allinone-3.15/ns-3.15/src/tap-bridge/bindings/modulegen__gcc_LP64.py:3401: Warning: exception TypeConfigurationError('direction not given',) in wrapper public: retval? ???::CopyData (params?) const;
  is_const=True)
/home/pradeepkumar/ns-allinone-3.15/ns-3.15/src/tap-bridge/bindings/modulegen__gcc_LP64.py:3406: Warning: exception TypeLookupError(['std::ostream *'],) in wrapper public: retval? ???::CopyData (params?) const;
  is_const=True)
/home/pradeepkumar/ns-allinone-3.15/ns-3.15/src/tap-bridge/bindings/modulegen__gcc_LP64.py:3461: Warning: exception TypeLookupError(['uint8_t *'],) in wrapper public: retval? ???::PeekData (params?) const;
  deprecated=True, is_const=True)
/home/pradeepkumar/ns-allinone-3.15/ns-3.15/src/tap-bridge/bindings/modulegen__gcc_LP64.py:3480: Warning: exception TypeLookupError(['std::ostream &'],) in wrapper public: retval? ???::Print (params?) const;
  is_const=True)
/home/pradeepkumar/ns-allinone-3.15/ns-3.15/src/tap-bridge/bindings/modulegen__gcc_LP64.py:3485: Warning: exception TypeLookupError(['std::ostream &'],) in wrapper public: retval? ???::PrintByteTags (params?) const;
  is_const=True)
/home/pradeepkumar/ns-allinone-3.15/ns-3.15/src/tap-bridge/bindings/modulegen__gcc_LP64.py:3490: Warning: exception TypeLookupError(['std::ostream &'],) in wrapper public: retval? ???::PrintPacketTags (params?) const;
  is_const=True)
/home/pradeepkumar/ns-allinone-3.15/ns-3.15/src/tap-bridge/bindings/modulegen__gcc_LP64.py:3523: Warning: exception TypeConfigurationError('direction not given',) in wrapper public: retval? ???::Serialize (params?) const;
  is_const=True)
/home/pradeepkumar/ns-allinone-3.15/ns-3.15/src/tap-bridge/bindings/modulegen__gcc_LP64.py:3558: Warning: exception TypeLookupError(['ns3::Ptr< ns3::Channel >', 'ns3::Channel *'],) in wrapper public: virtual retval? ???::GetChannel (params?) const;
  is_const=True, is_virtual=True)
/home/pradeepkumar/ns-allinone-3.15/ns-3.15/src/tap-bridge/bindings/modulegen__gcc_LP64.py:3710: Warning: exception TypeLookupError(['ns3::FdReader::Data'],) in wrapper private: virtual retval? ???::DoRead (params?);
  visibility='private', is_virtual=True)
