>>>>>>>>>>>>>>>> [['void', 'ns3::empty', 'ns3::empty', 'ns3::empty', 'ns3::empty', 'ns3::empty', 'ns3::empty', 'ns3::empty', 'ns3::empty', 'ns3::empty'], ['void', 'int', 'ns3::empty', 'ns3::empty', 'ns3::empty', 'ns3::empty', 'ns3::empty', 'ns3::empty', 'ns3::empty', 'ns3::empty'], ['void', 'ns3::Ptr<ns3::NetDevice>', 'ns3::Ptr<ns3::Packet const>', 'unsigned short', 'ns3::Address const&', 'ns3::Address const&', 'ns3::NetDevice::PacketType', 'ns3::empty', 'ns3::empty', 'ns3::empty']]
***** registering callback handler: 'ns3::Callback< void, ns3::empty, ns3::empty, ns3::empty, ns3::empty, ns3::empty, ns3::empty, ns3::empty, ns3::empty, ns3::empty >'
***** registering callback handler: 'ns3::Callback< void, int, ns3::empty, ns3::empty, ns3::empty, ns3::empty, ns3::empty, ns3::empty, ns3::empty, ns3::empty >'
***** registering callback handler: 'ns3::Callback< void, ns3::Ptr< ns3::NetDevice >, ns3::Ptr< ns3::Packet const >, unsigned short, ns3::Address const &, ns3::Address const &, ns3::NetDevice::PacketType, ns3::empty, ns3::empty, ns3::empty >'
/home/pradeepkumar/ns-allinone-3.15/ns-3.15/src/energy/bindings/modulegen__gcc_LP64.py:416: Warning: exception TypeConfigurationError('direction not given',) in wrapper <pybindgen.cppmethod.CppConstructor object at 0x7f10ba3c1590>
  cls.add_constructor([param('uint8_t', 'type'), param('uint8_t const *', 'buffer'), param('uint8_t', 'len')])
/home/pradeepkumar/ns-allinone-3.15/ns-3.15/src/energy/bindings/modulegen__gcc_LP64.py:427: Warning: exception TypeConfigurationError('direction not given',) in wrapper public: retval? ???::CopyAllFrom (params?);
  [param('uint8_t const *', 'buffer'), param('uint8_t', 'len')])
/home/pradeepkumar/ns-allinone-3.15/ns-3.15/src/energy/bindings/modulegen__gcc_LP64.py:432: Warning: exception TypeConfigurationError('direction not given',) in wrapper public: retval? ???::CopyAllTo (params?) const;
  is_const=True)
/home/pradeepkumar/ns-allinone-3.15/ns-3.15/src/energy/bindings/modulegen__gcc_LP64.py:436: Warning: exception TypeConfigurationError('direction not given',) in wrapper public: retval? ???::CopyFrom (params?);
  [param('uint8_t const *', 'buffer'), param('uint8_t', 'len')])
/home/pradeepkumar/ns-allinone-3.15/ns-3.15/src/energy/bindings/modulegen__gcc_LP64.py:441: Warning: exception TypeConfigurationError('direction not given',) in wrapper public: retval? ???::CopyTo (params?) const;
  is_const=True)
/home/pradeepkumar/ns-allinone-3.15/ns-3.15/src/energy/bindings/modulegen__gcc_LP64.py:491: Warning: exception TypeLookupError(['std::_List_const_iterator< ns3::AttributeConstructionList::Item >'],) in wrapper public: retval? ???::Begin (params?) const;
  is_const=True)
/home/pradeepkumar/ns-allinone-3.15/ns-3.15/src/energy/bindings/modulegen__gcc_LP64.py:496: Warning: exception TypeLookupError(['std::_List_const_iterator< ns3::AttributeConstructionList::Item >'],) in wrapper public: retval? ???::End (params?) const;
  is_const=True)
/home/pradeepkumar/ns-allinone-3.15/ns-3.15/src/energy/bindings/modulegen__gcc_LP64.py:547: Warning: exception TypeLookupError(['std::ostream *'],) in wrapper public: retval? ???::CopyData (params?) const;
  is_const=True)
/home/pradeepkumar/ns-allinone-3.15/ns-3.15/src/energy/bindings/modulegen__gcc_LP64.py:552: Warning: exception TypeConfigurationError('direction not given',) in wrapper public: retval? ???::CopyData (params?) const;
  is_const=True)
/home/pradeepkumar/ns-allinone-3.15/ns-3.15/src/energy/bindings/modulegen__gcc_LP64.py:566: Warning: exception TypeConfigurationError('direction not given',) in wrapper public: retval? ???::Deserialize (params?);
  [param('uint8_t const *', 'buffer'), param('uint32_t', 'size')])
/home/pradeepkumar/ns-allinone-3.15/ns-3.15/src/energy/bindings/modulegen__gcc_LP64.py:596: Warning: exception TypeLookupError(['uint8_t *'],) in wrapper public: retval? ???::PeekData (params?) const;
  is_const=True)
/home/pradeepkumar/ns-allinone-3.15/ns-3.15/src/energy/bindings/modulegen__gcc_LP64.py:609: Warning: exception TypeConfigurationError('direction not given',) in wrapper public: retval? ???::Serialize (params?) const;
  is_const=True)
/home/pradeepkumar/ns-allinone-3.15/ns-3.15/src/energy/bindings/modulegen__gcc_LP64.py:664: Warning: exception TypeConfigurationError('direction not given',) in wrapper public: retval? ???::Read (params?);
  [param('uint8_t *', 'buffer'), param('uint32_t', 'size')])
/home/pradeepkumar/ns-allinone-3.15/ns-3.15/src/energy/bindings/modulegen__gcc_LP64.py:708: Warning: exception TypeConfigurationError('direction not given',) in wrapper public: retval? ???::Write (params?);
  [param('uint8_t const *', 'buffer'), param('uint32_t', 'size')])
/home/pradeepkumar/ns-allinone-3.15/ns-3.15/src/energy/bindings/modulegen__gcc_LP64.py:913: Warning: exception TypeLookupError(['__gnu_cxx::__normal_iterator< ns3::Ptr< ns3::DeviceEnergyModel > const, std::vector< ns3::Ptr< ns3::DeviceEnergyModel > > >'],) in wrapper public: retval? ???::Begin (params?) const;
  is_const=True)
/home/pradeepkumar/ns-allinone-3.15/ns-3.15/src/energy/bindings/modulegen__gcc_LP64.py:922: Warning: exception TypeLookupError(['__gnu_cxx::__normal_iterator< ns3::Ptr< ns3::DeviceEnergyModel > const, std::vector< ns3::Ptr< ns3::DeviceEnergyModel > > >'],) in wrapper public: retval? ???::End (params?) const;
  is_const=True)
/home/pradeepkumar/ns-allinone-3.15/ns-3.15/src/energy/bindings/modulegen__gcc_LP64.py:1007: Warning: exception TypeLookupError(['ns3::Ptr< ns3::EventImpl > &'],) in wrapper <pybindgen.cppmethod.CppConstructor object at 0x7f10ba218e10>
  cls.add_constructor([param('ns3::Ptr< ns3::EventImpl > const &', 'impl'), param('uint64_t', 'ts'), param('uint32_t', 'context'), param('uint32_t', 'uid')])
/home/pradeepkumar/ns-allinone-3.15/ns-3.15/src/energy/bindings/modulegen__gcc_LP64.py:1041: Warning: exception TypeConfigurationError('Either caller_owns_return or self.reference_existing_object must be given',) in wrapper public: retval? ???::PeekEventImpl (params?) const;
  is_const=True)
/home/pradeepkumar/ns-allinone-3.15/ns-3.15/src/energy/bindings/modulegen__gcc_LP64.py:1071: Warning: exception TypeConfigurationError('direction not given',) in wrapper public: retval? ???::Deserialize (params?);
  is_static=True)
/home/pradeepkumar/ns-allinone-3.15/ns-3.15/src/energy/bindings/modulegen__gcc_LP64.py:1136: Warning: exception TypeLookupError(['std::ostream &'],) in wrapper public: retval? ???::Print (params?) const;
  is_const=True)
/home/pradeepkumar/ns-allinone-3.15/ns-3.15/src/energy/bindings/modulegen__gcc_LP64.py:1141: Warning: exception TypeConfigurationError('direction not given',) in wrapper public: retval? ???::Serialize (params?) const;
  is_const=True)
/home/pradeepkumar/ns-allinone-3.15/ns-3.15/src/energy/bindings/modulegen__gcc_LP64.py:1208: Warning: exception TypeLookupError(['std::ostream &'],) in wrapper public: retval? ???::Print (params?) const;
  is_const=True)
/home/pradeepkumar/ns-allinone-3.15/ns-3.15/src/energy/bindings/modulegen__gcc_LP64.py:1225: Warning: exception TypeConfigurationError('direction not given',) in wrapper <pybindgen.cppmethod.CppConstructor object at 0x7f10ba205390>
  cls.add_constructor([param('uint8_t *', 'address')])
/home/pradeepkumar/ns-allinone-3.15/ns-3.15/src/energy/bindings/modulegen__gcc_LP64.py:1243: Warning: exception TypeConfigurationError('direction not given',) in wrapper public: retval? ???::Deserialize (params?);
  is_static=True)
/home/pradeepkumar/ns-allinone-3.15/ns-3.15/src/energy/bindings/modulegen__gcc_LP64.py:1268: Warning: exception TypeConfigurationError('direction not given',) in wrapper public: retval? ???::GetBytes (params?) const;
  is_const=True)
/home/pradeepkumar/ns-allinone-3.15/ns-3.15/src/energy/bindings/modulegen__gcc_LP64.py:1352: Warning: exception TypeLookupError(['ns3::Mac48Address'],) in wrapper public: retval? ???::MakeAutoconfiguredAddress (params?);
  is_static=True)
/home/pradeepkumar/ns-allinone-3.15/ns-3.15/src/energy/bindings/modulegen__gcc_LP64.py:1357: Warning: exception TypeLookupError(['ns3::Mac48Address'],) in wrapper public: retval? ???::MakeAutoconfiguredLinkLocalAddress (params?);
  is_static=True)
/home/pradeepkumar/ns-allinone-3.15/ns-3.15/src/energy/bindings/modulegen__gcc_LP64.py:1372: Warning: exception TypeLookupError(['std::ostream &'],) in wrapper public: retval? ???::Print (params?) const;
  is_const=True)
/home/pradeepkumar/ns-allinone-3.15/ns-3.15/src/energy/bindings/modulegen__gcc_LP64.py:1377: Warning: exception TypeConfigurationError('direction not given',) in wrapper public: retval? ???::Serialize (params?) const;
  is_const=True)
/home/pradeepkumar/ns-allinone-3.15/ns-3.15/src/energy/bindings/modulegen__gcc_LP64.py:1385: Warning: exception TypeConfigurationError('direction not given',) in wrapper public: retval? ???::Set (params?);
  [param('uint8_t *', 'address')])
/home/pradeepkumar/ns-allinone-3.15/ns-3.15/src/energy/bindings/modulegen__gcc_LP64.py:1395: Warning: exception TypeConfigurationError('direction not given',) in wrapper <pybindgen.cppmethod.CppConstructor object at 0x7f10ba1c51d0>
  cls.add_constructor([param('uint8_t *', 'prefix')])
/home/pradeepkumar/ns-allinone-3.15/ns-3.15/src/energy/bindings/modulegen__gcc_LP64.py:1408: Warning: exception TypeConfigurationError('direction not given',) in wrapper public: retval? ???::GetBytes (params?) const;
  is_const=True)
/home/pradeepkumar/ns-allinone-3.15/ns-3.15/src/energy/bindings/modulegen__gcc_LP64.py:1443: Warning: exception TypeLookupError(['std::ostream &'],) in wrapper public: retval? ???::Print (params?) const;
  is_const=True)
/home/pradeepkumar/ns-allinone-3.15/ns-3.15/src/energy/bindings/modulegen__gcc_LP64.py:1473: Warning: exception TypeLookupError(['__gnu_cxx::__normal_iterator< ns3::Ptr< ns3::NetDevice > const, std::vector< ns3::Ptr< ns3::NetDevice > > >'],) in wrapper public: retval? ???::Begin (params?) const;
  is_const=True)
/home/pradeepkumar/ns-allinone-3.15/ns-3.15/src/energy/bindings/modulegen__gcc_LP64.py:1478: Warning: exception TypeLookupError(['__gnu_cxx::__normal_iterator< ns3::Ptr< ns3::NetDevice > const, std::vector< ns3::Ptr< ns3::NetDevice > > >'],) in wrapper public: retval? ???::End (params?) const;
  is_const=True)
/home/pradeepkumar/ns-allinone-3.15/ns-3.15/src/energy/bindings/modulegen__gcc_LP64.py:1524: Warning: exception TypeLookupError(['__gnu_cxx::__normal_iterator< ns3::Ptr< ns3::Node > const, std::vector< ns3::Ptr< ns3::Node > > >'],) in wrapper public: retval? ???::Begin (params?) const;
  is_const=True)
/home/pradeepkumar/ns-allinone-3.15/ns-3.15/src/energy/bindings/modulegen__gcc_LP64.py:1537: Warning: exception TypeLookupError(['__gnu_cxx::__normal_iterator< ns3::Ptr< ns3::Node > const, std::vector< ns3::Ptr< ns3::Node > > >'],) in wrapper public: retval? ???::End (params?) const;
  is_const=True)
/home/pradeepkumar/ns-allinone-3.15/ns-3.15/src/energy/bindings/modulegen__gcc_LP64.py:1625: Warning: exception TypeConfigurationError('Missing transfer_ownership option',) in wrapper public: retval? ???::Delete (params?);
  is_static=True)
/home/pradeepkumar/ns-allinone-3.15/ns-3.15/src/energy/bindings/modulegen__gcc_LP64.py:1698: Warning: exception TypeConfigurationError('direction not given',) in wrapper public: retval? ???::Deserialize (params?);
  [param('uint8_t const *', 'buffer'), param('uint32_t', 'size')])
/home/pradeepkumar/ns-allinone-3.15/ns-3.15/src/energy/bindings/modulegen__gcc_LP64.py:1739: Warning: exception TypeConfigurationError('direction not given',) in wrapper public: retval? ???::Serialize (params?) const;
  is_const=True)
bindings/python/ns3modulegen-modular.py:27: UserWarning: exception TypeLookupError(['uint8_t [ 20 ]'],) in wrapper None
  warnings.warn("exception %r in wrapper %s" % (exception, wrapper))
bindings/python/ns3modulegen-modular.py:27: UserWarning: exception TypeConfigurationError('Either caller_owns_return or self.reference_existing_object must be given',) in wrapper None
  warnings.warn("exception %r in wrapper %s" % (exception, wrapper))
/home/pradeepkumar/ns-allinone-3.15/ns-3.15/src/energy/bindings/modulegen__gcc_LP64.py:1904: Warning: exception TypeLookupError(['std::ostream &'],) in wrapper public: virtual retval? ???::Print (params?) const = 0;
  is_pure_virtual=True, is_const=True, is_virtual=True)
/home/pradeepkumar/ns-allinone-3.15/ns-3.15/src/energy/bindings/modulegen__gcc_LP64.py:1916: Warning: exception TypeConfigurationError('direction not given',) in wrapper <pybindgen.cppmethod.CppConstructor object at 0x7f10ba02d710>
  cls.add_constructor([param('uint8_t *', 'start'), param('uint8_t *', 'end')])
/home/pradeepkumar/ns-allinone-3.15/ns-3.15/src/energy/bindings/modulegen__gcc_LP64.py:1924: Warning: exception TypeConfigurationError('direction not given',) in wrapper public: retval? ???::Read (params?);
  [param('uint8_t *', 'buffer'), param('uint32_t', 'size')])
/home/pradeepkumar/ns-allinone-3.15/ns-3.15/src/energy/bindings/modulegen__gcc_LP64.py:1952: Warning: exception TypeConfigurationError('direction not given',) in wrapper public: retval? ???::Write (params?);
  [param('uint8_t const *', 'buffer'), param('uint32_t', 'size')])
/home/pradeepkumar/ns-allinone-3.15/ns-3.15/src/energy/bindings/modulegen__gcc_LP64.py:2051: Warning: exception TypeLookupError(['ns3::Callback< ns3::ObjectBase *, ns3::empty, ns3::empty, ns3::empty, ns3::empty, ns3::empty, ns3::empty, ns3::empty, ns3::empty, ns3::empty >'],) in wrapper public: retval? ???::GetConstructor (params?) const;
  is_const=True)
bindings/python/ns3modulegen-modular.py:27: UserWarning: exception TypeLookupError(['short unsigned int'],) in wrapper None
  warnings.warn("exception %r in wrapper %s" % (exception, wrapper))
/home/pradeepkumar/ns-allinone-3.15/ns-3.15/src/energy/bindings/modulegen__gcc_LP64.py:2498: Warning: exception TypeLookupError(['std::ostream &'],) in wrapper public: virtual retval? ???::Print (params?) const = 0;
  is_pure_virtual=True, is_const=True, is_virtual=True)
/home/pradeepkumar/ns-allinone-3.15/ns-3.15/src/energy/bindings/modulegen__gcc_LP64.py:2526: Warning: exception TypeLookupError(['std::ostream &'],) in wrapper public: virtual retval? ???::Print (params?) const = 0;
  is_pure_virtual=True, is_const=True, is_virtual=True)
/home/pradeepkumar/ns-allinone-3.15/ns-3.15/src/energy/bindings/modulegen__gcc_LP64.py:2938: Warning: exception TypeLookupError(['std::ostream &'],) in wrapper public: virtual retval? ???::Print (params?) const = 0;
  is_pure_virtual=True, is_const=True, is_virtual=True)
/home/pradeepkumar/ns-allinone-3.15/ns-3.15/src/energy/bindings/modulegen__gcc_LP64.py:2970: Warning: exception TypeLookupError(['ns3::Ptr< ns3::WifiChannel >', 'ns3::WifiChannel *'],) in wrapper public: virtual retval? ???::GetChannel (params?) const = 0;
  is_pure_virtual=True, is_const=True, is_virtual=True)
/home/pradeepkumar/ns-allinone-3.15/ns-3.15/src/energy/bindings/modulegen__gcc_LP64.py:3287: Warning: exception TypeConfigurationError('Missing transfer_ownership option',) in wrapper public: virtual retval? ???::RegisterListener (params?) = 0;
  is_pure_virtual=True, is_virtual=True)
/home/pradeepkumar/ns-allinone-3.15/ns-3.15/src/energy/bindings/modulegen__gcc_LP64.py:3302: Warning: exception TypeLookupError(['ns3::Callback< void, ns3::Ptr< ns3::Packet const >, double, ns3::empty, ns3::empty, ns3::empty, ns3::empty, ns3::empty, ns3::empty, ns3::empty >'],) in wrapper public: virtual retval? ???::SetReceiveErrorCallback (params?) = 0;
  is_pure_virtual=True, is_virtual=True)
/home/pradeepkumar/ns-allinone-3.15/ns-3.15/src/energy/bindings/modulegen__gcc_LP64.py:3307: Warning: exception TypeLookupError(['ns3::Callback< void, ns3::Ptr< ns3::Packet >, double, ns3::WifiMode, ns3::WifiPreamble, ns3::empty, ns3::empty, ns3::empty, ns3::empty, ns3::empty >'],) in wrapper public: virtual retval? ???::SetReceiveOkCallback (params?) = 0;
  is_pure_virtual=True, is_virtual=True)
/home/pradeepkumar/ns-allinone-3.15/ns-3.15/src/energy/bindings/modulegen__gcc_LP64.py:3699: Warning: exception TypeLookupError(['__gnu_cxx::__normal_iterator< ns3::Ptr< ns3::EnergySource > const, std::vector< ns3::Ptr< ns3::EnergySource > > >'],) in wrapper public: retval? ???::Begin (params?) const;
  is_const=True)
/home/pradeepkumar/ns-allinone-3.15/ns-3.15/src/energy/bindings/modulegen__gcc_LP64.py:3704: Warning: exception TypeLookupError(['__gnu_cxx::__normal_iterator< ns3::Ptr< ns3::EnergySource > const, std::vector< ns3::Ptr< ns3::EnergySource > > >'],) in wrapper public: retval? ???::End (params?) const;
  is_const=True)
/home/pradeepkumar/ns-allinone-3.15/ns-3.15/src/energy/bindings/modulegen__gcc_LP64.py:4125: Warning: exception TypeLookupError(['ns3::Ptr< ns3::Channel >', 'ns3::Channel *'],) in wrapper public: virtual retval? ???::GetChannel (params?) const = 0;
  is_pure_virtual=True, is_const=True, is_virtual=True)
/home/pradeepkumar/ns-allinone-3.15/ns-3.15/src/energy/bindings/modulegen__gcc_LP64.py:4220: Warning: exception TypeLookupError(['ns3::Callback< bool, ns3::Ptr< ns3::NetDevice >, ns3::Ptr< ns3::Packet const >, short unsigned int, ns3::Address const &, ns3::Address const &, ns3::NetDevice::PacketType, ns3::empty, ns3::empty, ns3::empty >'],) in wrapper public: virtual retval? ???::SetPromiscReceiveCallback (params?) = 0;
  is_pure_virtual=True, is_virtual=True)
/home/pradeepkumar/ns-allinone-3.15/ns-3.15/src/energy/bindings/modulegen__gcc_LP64.py:4225: Warning: exception TypeLookupError(['ns3::Callback< bool, ns3::Ptr< ns3::NetDevice >, ns3::Ptr< ns3::Packet const >, short unsigned int, ns3::Address const &, ns3::empty, ns3::empty, ns3::empty, ns3::empty, ns3::empty >'],) in wrapper public: virtual retval? ???::SetReceiveCallback (params?) = 0;
  is_pure_virtual=True, is_virtual=True)
/home/pradeepkumar/ns-allinone-3.15/ns-3.15/src/energy/bindings/modulegen__gcc_LP64.py:4287: Warning: exception TypeLookupError(['ns3::Ptr< ns3::Application >', 'ns3::Application *'],) in wrapper public: retval? ???::AddApplication (params?);
  [param('ns3::Ptr< ns3::Application >', 'application')])
/home/pradeepkumar/ns-allinone-3.15/ns-3.15/src/energy/bindings/modulegen__gcc_LP64.py:4301: Warning: exception TypeLookupError(['ns3::Ptr< ns3::Application >', 'ns3::Application *'],) in wrapper public: retval? ???::GetApplication (params?) const;
  is_const=True)
/home/pradeepkumar/ns-allinone-3.15/ns-3.15/src/energy/bindings/modulegen__gcc_LP64.py:4335: Warning: exception TypeLookupError(['ns3::Callback< void, ns3::Ptr< ns3::NetDevice >, ns3::empty, ns3::empty, ns3::empty, ns3::empty, ns3::empty, ns3::empty, ns3::empty, ns3::empty >'],) in wrapper public: retval? ???::RegisterDeviceAdditionListener (params?);
  [param('ns3::Callback< void, ns3::Ptr< ns3::NetDevice >, ns3::empty, ns3::empty, ns3::empty, ns3::empty, ns3::empty, ns3::empty, ns3::empty, ns3::empty >', 'listener')])
/home/pradeepkumar/ns-allinone-3.15/ns-3.15/src/energy/bindings/modulegen__gcc_LP64.py:4343: Warning: exception TypeLookupError(['ns3::Callback< void, ns3::Ptr< ns3::NetDevice >, ns3::empty, ns3::empty, ns3::empty, ns3::empty, ns3::empty, ns3::empty, ns3::empty, ns3::empty >'],) in wrapper public: retval? ???::UnregisterDeviceAdditionListener (params?);
  [param('ns3::Callback< void, ns3::Ptr< ns3::NetDevice >, ns3::empty, ns3::empty, ns3::empty, ns3::empty, ns3::empty, ns3::empty, ns3::empty, ns3::empty >', 'listener')])
/home/pradeepkumar/ns-allinone-3.15/ns-3.15/src/energy/bindings/modulegen__gcc_LP64.py:4409: Warning: exception TypeConfigurationError('direction not given',) in wrapper <pybindgen.cppmethod.CppConstructor object at 0x7f10b9a02b10>
  cls.add_constructor([param('uint8_t const *', 'buffer'), param('uint32_t', 'size'), param('bool', 'magic')])
/home/pradeepkumar/ns-allinone-3.15/ns-3.15/src/energy/bindings/modulegen__gcc_LP64.py:4411: Warning: exception TypeConfigurationError('direction not given',) in wrapper <pybindgen.cppmethod.CppConstructor object at 0x7f10b9a02b90>
  cls.add_constructor([param('uint8_t const *', 'buffer'), param('uint32_t', 'size')])
/home/pradeepkumar/ns-allinone-3.15/ns-3.15/src/energy/bindings/modulegen__gcc_LP64.py:4452: Warning: exception TypeConfigurationError('direction not given',) in wrapper public: retval? ???::CopyData (params?) const;
  is_const=True)
/home/pradeepkumar/ns-allinone-3.15/ns-3.15/src/energy/bindings/modulegen__gcc_LP64.py:4457: Warning: exception TypeLookupError(['std::ostream *'],) in wrapper public: retval? ???::CopyData (params?) const;
  is_const=True)
/home/pradeepkumar/ns-allinone-3.15/ns-3.15/src/energy/bindings/modulegen__gcc_LP64.py:4512: Warning: exception TypeLookupError(['uint8_t *'],) in wrapper public: retval? ???::PeekData (params?) const;
  deprecated=True, is_const=True)
/home/pradeepkumar/ns-allinone-3.15/ns-3.15/src/energy/bindings/modulegen__gcc_LP64.py:4531: Warning: exception TypeLookupError(['std::ostream &'],) in wrapper public: retval? ???::Print (params?) const;
  is_const=True)
/home/pradeepkumar/ns-allinone-3.15/ns-3.15/src/energy/bindings/modulegen__gcc_LP64.py:4536: Warning: exception TypeLookupError(['std::ostream &'],) in wrapper public: retval? ???::PrintByteTags (params?) const;
  is_const=True)
/home/pradeepkumar/ns-allinone-3.15/ns-3.15/src/energy/bindings/modulegen__gcc_LP64.py:4541: Warning: exception TypeLookupError(['std::ostream &'],) in wrapper public: retval? ???::PrintPacketTags (params?) const;
  is_const=True)
/home/pradeepkumar/ns-allinone-3.15/ns-3.15/src/energy/bindings/modulegen__gcc_LP64.py:4574: Warning: exception TypeConfigurationError('direction not given',) in wrapper public: retval? ???::Serialize (params?) const;
  is_const=True)
/home/pradeepkumar/ns-allinone-3.15/ns-3.15/src/energy/bindings/modulegen__gcc_LP64.py:4928: Warning: exception TypeConfigurationError('Either caller_owns_return or self.reference_existing_object must be given',) in wrapper public: retval? ???::GetPhyListener (params?);
  [])
/home/pradeepkumar/ns-allinone-3.15/ns-3.15/src/energy/bindings/modulegen__gcc_LP64.py:954: Warning: exception CodeGenerationError('ns3::AttributeValue cannot be constructed (have pure virtual methods but no helper class)',) in wrapper public: virtual void ns3::DeviceEnergyModelHelper::Set (std::string name, ns3::AttributeValue const & v) = 0;
  is_pure_virtual=True, is_virtual=True)
/home/pradeepkumar/ns-allinone-3.15/ns-3.15/src/energy/bindings/modulegen__gcc_LP64.py:991: Warning: exception CodeGenerationError('ns3::AttributeValue cannot be constructed (have pure virtual methods but no helper class)',) in wrapper public: virtual void ns3::EnergySourceHelper::Set (std::string name, ns3::AttributeValue const & v) = 0;
  is_pure_virtual=True, is_virtual=True)
/home/pradeepkumar/ns-allinone-3.15/ns-3.15/src/energy/bindings/modulegen__gcc_LP64.py:1860: Warning: exception CodeGenerationError('ns3::AttributeValue cannot be constructed (have pure virtual methods but no helper class)',) in wrapper public: virtual void ns3::RvBatteryModelHelper::Set (std::string name, ns3::AttributeValue const & v);
  is_virtual=True)
/home/pradeepkumar/ns-allinone-3.15/pybindgen-0.15.0.809/pybindgen/cppclass_typehandlers.py:1134: UserWarning: Returning shared pointers is dangerous!  The C++ API should be redesigned to avoid this situation.
  warnings.warn("Returning shared pointers is dangerous!"
/home/pradeepkumar/ns-allinone-3.15/ns-3.15/src/energy/bindings/modulegen__gcc_LP64.py:2295: Warning: exception CodeGenerationError('ns3::AttributeValue cannot be constructed (have pure virtual methods but no helper class)',) in wrapper public: virtual void ns3::WifiRadioEnergyModelHelper::Set (std::string name, ns3::AttributeValue const & v);
  is_virtual=True)
/home/pradeepkumar/ns-allinone-3.15/ns-3.15/src/energy/bindings/modulegen__gcc_LP64.py:2471: Warning: exception CodeGenerationError('ns3::AttributeValue cannot be constructed (have pure virtual methods but no helper class)',) in wrapper public: virtual void ns3::BasicEnergySourceHelper::Set (std::string name, ns3::AttributeValue const & v);
  is_virtual=True)
bindings/python/ns3modulegen-modular.py:27: UserWarning: exception CodeGenerationError('ns3::DeviceEnergyModelHelper cannot be constructed (have pure virtual methods but no helper class)',) in wrapper <pybindgen.CppClass 'ns3::DeviceEnergyModelHelper'>
  warnings.warn("exception %r in wrapper %s" % (exception, wrapper))
bindings/python/ns3modulegen-modular.py:27: UserWarning: exception CodeGenerationError('ns3::EnergySourceHelper cannot be constructed (have pure virtual methods but no helper class)',) in wrapper <pybindgen.CppClass 'ns3::EnergySourceHelper'>
  warnings.warn("exception %r in wrapper %s" % (exception, wrapper))
/home/pradeepkumar/ns-allinone-3.15/ns-3.15/src/energy/bindings/modulegen__gcc_LP64.py:328: Warning: exception CodeGenerationError('ns3::AttributeValue cannot be constructed (have pure virtual methods but no helper class)',) in wrapper public: virtual void ns3::RvBatteryModelHelper::Set (std::string name, ns3::AttributeValue const & v);
  register_Ns3RvBatteryModelHelper_methods(root_module, root_module['ns3::RvBatteryModelHelper'])
/home/pradeepkumar/ns-allinone-3.15/ns-3.15/src/energy/bindings/modulegen__gcc_LP64.py:339: Warning: exception CodeGenerationError('ns3::AttributeValue cannot be constructed (have pure virtual methods but no helper class)',) in wrapper public: virtual void ns3::WifiRadioEnergyModelHelper::Set (std::string name, ns3::AttributeValue const & v);
  register_Ns3WifiRadioEnergyModelHelper_methods(root_module, root_module['ns3::WifiRadioEnergyModelHelper'])
/home/pradeepkumar/ns-allinone-3.15/ns-3.15/src/energy/bindings/modulegen__gcc_LP64.py:343: Warning: exception CodeGenerationError('ns3::AttributeValue cannot be constructed (have pure virtual methods but no helper class)',) in wrapper public: virtual void ns3::BasicEnergySourceHelper::Set (std::string name, ns3::AttributeValue const & v);
  register_Ns3BasicEnergySourceHelper_methods(root_module, root_module['ns3::BasicEnergySourceHelper'])
bindings/python/ns3modulegen-modular.py:27: UserWarning: exception CodeGenerationError('ns3::DeviceEnergyModel cannot be constructed (class has pure virtual methods)',) in wrapper <pybindgen.CppClass 'ns3::DeviceEnergyModel'>
  warnings.warn("exception %r in wrapper %s" % (exception, wrapper))
bindings/python/ns3modulegen-modular.py:27: UserWarning: exception CodeGenerationError('ns3::EnergySource cannot be constructed (class has pure virtual methods)',) in wrapper <pybindgen.CppClass 'ns3::EnergySource'>
  warnings.warn("exception %r in wrapper %s" % (exception, wrapper))
